ARM GAS  /tmp/ccoMG8nH.s 			page 1


   1              		.syntax unified
   2              		.cpu cortex-m3
   3              		.fpu softvfp
   4              		.eabi_attribute 20, 1
   5              		.eabi_attribute 21, 1
   6              		.eabi_attribute 23, 3
   7              		.eabi_attribute 24, 1
   8              		.eabi_attribute 25, 1
   9              		.eabi_attribute 26, 1
  10              		.eabi_attribute 30, 2
  11              		.eabi_attribute 34, 1
  12              		.eabi_attribute 18, 4
  13              		.thumb
  14              		.file	"main.c"
  15              		.text
  16              	.Ltext0:
  17              		.cfi_sections	.debug_frame
  18              		.section	.text.startup.main,"ax",%progbits
  19              		.align	2
  20              		.global	main
  21              		.thumb
  22              		.thumb_func
  23              		.type	main, %function
  24              	main:
  25              	.LFB63:
  26              		.file 1 "main.c"
  27              		.loc 1 4 0
  28              		.cfi_startproc
  29              		@ Volatile: function does not return.
  30              		@ args = 0, pretend = 0, frame = 0
  31              		@ frame_needed = 0, uses_anonymous_args = 0
  32 0000 08B5     		push	{r3, lr}
  33              		.cfi_def_cfa_offset 8
  34              		.cfi_offset 3, -8
  35              		.cfi_offset 14, -4
  36              		.loc 1 5 0
  37 0002 FFF7FEFF 		bl	halInit
  38              	.LVL0:
  39              		.loc 1 6 0
  40 0006 FFF7FEFF 		bl	chSysInit
  41              	.LVL1:
  42              		.loc 1 7 0
  43 000a 4FF40060 		mov	r0, #2048
  44 000e C4F20100 		movt	r0, 16385
  45 0012 4FF48071 		mov	r1, #256
  46 0016 0622     		movs	r2, #6
  47 0018 FFF7FEFF 		bl	_pal_lld_setgroupmode
  48              	.LVL2:
  49              		.loc 1 10 0
  50 001c 4FF40064 		mov	r4, #2048
  51 0020 4FF48075 		mov	r5, #256
  52 0024 C4F20104 		movt	r4, 16385
  53 0028 2E46     		mov	r6, r5
  54              	.L2:
  55              		.loc 1 10 0 is_stmt 0 discriminator 1
  56 002a 6661     		str	r6, [r4, #20]
  57              		.loc 1 11 0 is_stmt 1 discriminator 1
ARM GAS  /tmp/ccoMG8nH.s 			page 2


  58 002c 4FF4FA70 		mov	r0, #500
  59 0030 FFF7FEFF 		bl	chThdSleep
  60              	.LVL3:
  61              		.loc 1 12 0 discriminator 1
  62 0034 2561     		str	r5, [r4, #16]
  63              		.loc 1 13 0 discriminator 1
  64 0036 4FF4FA70 		mov	r0, #500
  65 003a FFF7FEFF 		bl	chThdSleep
  66              	.LVL4:
  67 003e F4E7     		b	.L2
  68              		.cfi_endproc
  69              	.LFE63:
  70              		.size	main, .-main
  71              		.text
  72              	.Letext0:
  73              		.file 2 "/usr/include/newlib/machine/_default_types.h"
  74              		.file 3 "/usr/include/newlib/stdint.h"
  75              		.file 4 "../../os/ports/GCC/ARMCMx/chtypes.h"
  76              		.file 5 "../../os/hal/platforms/STM32F1xx/stm32f10x.h"
  77              		.file 6 "../../os/hal/platforms/STM32/GPIOv1/pal_lld.h"
  78              		.file 7 "../../os/hal/include/hal.h"
  79              		.file 8 "../../os/kernel/include/chsys.h"
  80              		.file 9 "../../os/ports/common/ARMCMx/CMSIS/include/core_cm3.h"
  81              		.file 10 "../../os/kernel/include/chthreads.h"
  82              		.section	.debug_info,"",%progbits
  83              	.Ldebug_info0:
  84 0000 06020000 		.4byte	0x206
  85 0004 0400     		.2byte	0x4
  86 0006 00000000 		.4byte	.Ldebug_abbrev0
  87 000a 04       		.byte	0x4
  88 000b 01       		.uleb128 0x1
  89 000c 26000000 		.4byte	.LASF25
  90 0010 01       		.byte	0x1
  91 0011 7D010000 		.4byte	.LASF26
  92 0015 B7010000 		.4byte	.LASF27
  93 0019 00000000 		.4byte	.Ldebug_ranges0+0
  94 001d 00000000 		.4byte	0
  95 0021 00000000 		.4byte	.Ldebug_line0
  96 0025 02       		.uleb128 0x2
  97 0026 04       		.byte	0x4
  98 0027 05       		.byte	0x5
  99 0028 696E7400 		.ascii	"int\000"
 100 002c 03       		.uleb128 0x3
 101 002d 04       		.byte	0x4
 102 002e 07       		.byte	0x7
 103 002f 3F010000 		.4byte	.LASF0
 104 0033 03       		.uleb128 0x3
 105 0034 01       		.byte	0x1
 106 0035 06       		.byte	0x6
 107 0036 AB010000 		.4byte	.LASF1
 108 003a 03       		.uleb128 0x3
 109 003b 01       		.byte	0x1
 110 003c 08       		.byte	0x8
 111 003d C4000000 		.4byte	.LASF2
 112 0041 03       		.uleb128 0x3
 113 0042 02       		.byte	0x2
 114 0043 05       		.byte	0x5
ARM GAS  /tmp/ccoMG8nH.s 			page 3


 115 0044 84010000 		.4byte	.LASF3
 116 0048 03       		.uleb128 0x3
 117 0049 02       		.byte	0x2
 118 004a 07       		.byte	0x7
 119 004b F9000000 		.4byte	.LASF4
 120 004f 04       		.uleb128 0x4
 121 0050 0F000000 		.4byte	.LASF6
 122 0054 02       		.byte	0x2
 123 0055 37       		.byte	0x37
 124 0056 5A000000 		.4byte	0x5a
 125 005a 03       		.uleb128 0x3
 126 005b 04       		.byte	0x4
 127 005c 05       		.byte	0x5
 128 005d A2010000 		.4byte	.LASF5
 129 0061 04       		.uleb128 0x4
 130 0062 0C010000 		.4byte	.LASF7
 131 0066 02       		.byte	0x2
 132 0067 38       		.byte	0x38
 133 0068 6C000000 		.4byte	0x6c
 134 006c 03       		.uleb128 0x3
 135 006d 04       		.byte	0x4
 136 006e 07       		.byte	0x7
 137 006f E7000000 		.4byte	.LASF8
 138 0073 03       		.uleb128 0x3
 139 0074 08       		.byte	0x8
 140 0075 05       		.byte	0x5
 141 0076 6F010000 		.4byte	.LASF9
 142 007a 03       		.uleb128 0x3
 143 007b 08       		.byte	0x8
 144 007c 07       		.byte	0x7
 145 007d F8010000 		.4byte	.LASF10
 146 0081 04       		.uleb128 0x4
 147 0082 5E010000 		.4byte	.LASF11
 148 0086 03       		.byte	0x3
 149 0087 41       		.byte	0x41
 150 0088 4F000000 		.4byte	0x4f
 151 008c 04       		.uleb128 0x4
 152 008d 99010000 		.4byte	.LASF12
 153 0091 03       		.byte	0x3
 154 0092 42       		.byte	0x42
 155 0093 61000000 		.4byte	0x61
 156 0097 03       		.uleb128 0x3
 157 0098 01       		.byte	0x1
 158 0099 02       		.byte	0x2
 159 009a F2010000 		.4byte	.LASF13
 160 009e 04       		.uleb128 0x4
 161 009f 05000000 		.4byte	.LASF14
 162 00a3 04       		.byte	0x4
 163 00a4 35       		.byte	0x35
 164 00a5 8C000000 		.4byte	0x8c
 165 00a9 05       		.uleb128 0x5
 166 00aa 8C000000 		.4byte	0x8c
 167 00ae 03       		.uleb128 0x3
 168 00af 04       		.byte	0x4
 169 00b0 07       		.byte	0x7
 170 00b1 66010000 		.4byte	.LASF15
 171 00b5 03       		.uleb128 0x3
ARM GAS  /tmp/ccoMG8nH.s 			page 4


 172 00b6 01       		.byte	0x1
 173 00b7 08       		.byte	0x8
 174 00b8 59010000 		.4byte	.LASF16
 175 00bc 05       		.uleb128 0x5
 176 00bd 81000000 		.4byte	0x81
 177 00c1 06       		.uleb128 0x6
 178 00c2 1C       		.byte	0x1c
 179 00c3 05       		.byte	0x5
 180 00c4 F803     		.2byte	0x3f8
 181 00c6 26010000 		.4byte	0x126
 182 00ca 07       		.uleb128 0x7
 183 00cb 43524C00 		.ascii	"CRL\000"
 184 00cf 05       		.byte	0x5
 185 00d0 FA03     		.2byte	0x3fa
 186 00d2 A9000000 		.4byte	0xa9
 187 00d6 00       		.byte	0
 188 00d7 07       		.uleb128 0x7
 189 00d8 43524800 		.ascii	"CRH\000"
 190 00dc 05       		.byte	0x5
 191 00dd FB03     		.2byte	0x3fb
 192 00df A9000000 		.4byte	0xa9
 193 00e3 04       		.byte	0x4
 194 00e4 07       		.uleb128 0x7
 195 00e5 49445200 		.ascii	"IDR\000"
 196 00e9 05       		.byte	0x5
 197 00ea FC03     		.2byte	0x3fc
 198 00ec A9000000 		.4byte	0xa9
 199 00f0 08       		.byte	0x8
 200 00f1 07       		.uleb128 0x7
 201 00f2 4F445200 		.ascii	"ODR\000"
 202 00f6 05       		.byte	0x5
 203 00f7 FD03     		.2byte	0x3fd
 204 00f9 A9000000 		.4byte	0xa9
 205 00fd 0C       		.byte	0xc
 206 00fe 08       		.uleb128 0x8
 207 00ff 19000000 		.4byte	.LASF17
 208 0103 05       		.byte	0x5
 209 0104 FE03     		.2byte	0x3fe
 210 0106 A9000000 		.4byte	0xa9
 211 010a 10       		.byte	0x10
 212 010b 07       		.uleb128 0x7
 213 010c 42525200 		.ascii	"BRR\000"
 214 0110 05       		.byte	0x5
 215 0111 FF03     		.2byte	0x3ff
 216 0113 A9000000 		.4byte	0xa9
 217 0117 14       		.byte	0x14
 218 0118 08       		.uleb128 0x8
 219 0119 00000000 		.4byte	.LASF18
 220 011d 05       		.byte	0x5
 221 011e 0004     		.2byte	0x400
 222 0120 A9000000 		.4byte	0xa9
 223 0124 18       		.byte	0x18
 224 0125 00       		.byte	0
 225 0126 09       		.uleb128 0x9
 226 0127 4C010000 		.4byte	.LASF19
 227 012b 05       		.byte	0x5
 228 012c 0104     		.2byte	0x401
ARM GAS  /tmp/ccoMG8nH.s 			page 5


 229 012e C1000000 		.4byte	0xc1
 230 0132 04       		.uleb128 0x4
 231 0133 AE000000 		.4byte	.LASF20
 232 0137 06       		.byte	0x6
 233 0138 6D       		.byte	0x6d
 234 0139 8C000000 		.4byte	0x8c
 235 013d 04       		.uleb128 0x4
 236 013e BB000000 		.4byte	.LASF21
 237 0142 06       		.byte	0x6
 238 0143 72       		.byte	0x72
 239 0144 8C000000 		.4byte	0x8c
 240 0148 04       		.uleb128 0x4
 241 0149 8E010000 		.4byte	.LASF22
 242 014d 06       		.byte	0x6
 243 014e 7A       		.byte	0x7a
 244 014f 53010000 		.4byte	0x153
 245 0153 0A       		.uleb128 0xa
 246 0154 04       		.byte	0x4
 247 0155 26010000 		.4byte	0x126
 248 0159 0B       		.uleb128 0xb
 249 015a 17010000 		.4byte	.LASF28
 250 015e 01       		.byte	0x1
 251 015f 04       		.byte	0x4
 252 0160 25000000 		.4byte	0x25
 253 0164 00000000 		.4byte	.LFB63
 254 0168 40000000 		.4byte	.LFE63-.LFB63
 255 016c 01       		.uleb128 0x1
 256 016d 9C       		.byte	0x9c
 257 016e C5010000 		.4byte	0x1c5
 258 0172 0C       		.uleb128 0xc
 259 0173 06000000 		.4byte	.LVL0
 260 0177 D1010000 		.4byte	0x1d1
 261 017b 0C       		.uleb128 0xc
 262 017c 0A000000 		.4byte	.LVL1
 263 0180 D8010000 		.4byte	0x1d8
 264 0184 0D       		.uleb128 0xd
 265 0185 1C000000 		.4byte	.LVL2
 266 0189 DF010000 		.4byte	0x1df
 267 018d 9E010000 		.4byte	0x19e
 268 0191 0E       		.uleb128 0xe
 269 0192 01       		.uleb128 0x1
 270 0193 52       		.byte	0x52
 271 0194 01       		.uleb128 0x1
 272 0195 36       		.byte	0x36
 273 0196 0E       		.uleb128 0xe
 274 0197 01       		.uleb128 0x1
 275 0198 51       		.byte	0x51
 276 0199 03       		.uleb128 0x3
 277 019a 0A       		.byte	0xa
 278 019b 0001     		.2byte	0x100
 279 019d 00       		.byte	0
 280 019e 0D       		.uleb128 0xd
 281 019f 34000000 		.4byte	.LVL3
 282 01a3 FB010000 		.4byte	0x1fb
 283 01a7 B3010000 		.4byte	0x1b3
 284 01ab 0E       		.uleb128 0xe
 285 01ac 01       		.uleb128 0x1
ARM GAS  /tmp/ccoMG8nH.s 			page 6


 286 01ad 50       		.byte	0x50
 287 01ae 03       		.uleb128 0x3
 288 01af 0A       		.byte	0xa
 289 01b0 F401     		.2byte	0x1f4
 290 01b2 00       		.byte	0
 291 01b3 0F       		.uleb128 0xf
 292 01b4 3E000000 		.4byte	.LVL4
 293 01b8 FB010000 		.4byte	0x1fb
 294 01bc 0E       		.uleb128 0xe
 295 01bd 01       		.uleb128 0x1
 296 01be 50       		.byte	0x50
 297 01bf 03       		.uleb128 0x3
 298 01c0 0A       		.byte	0xa
 299 01c1 F401     		.2byte	0x1f4
 300 01c3 00       		.byte	0
 301 01c4 00       		.byte	0
 302 01c5 10       		.uleb128 0x10
 303 01c6 1C010000 		.4byte	.LASF29
 304 01ca 09       		.byte	0x9
 305 01cb 0706     		.2byte	0x607
 306 01cd BC000000 		.4byte	0xbc
 307 01d1 11       		.uleb128 0x11
 308 01d2 1E000000 		.4byte	.LASF23
 309 01d6 07       		.byte	0x7
 310 01d7 D0       		.byte	0xd0
 311 01d8 11       		.uleb128 0x11
 312 01d9 DD000000 		.4byte	.LASF24
 313 01dd 08       		.byte	0x8
 314 01de F6       		.byte	0xf6
 315 01df 12       		.uleb128 0x12
 316 01e0 29010000 		.4byte	.LASF30
 317 01e4 06       		.byte	0x6
 318 01e5 4301     		.2byte	0x143
 319 01e7 FB010000 		.4byte	0x1fb
 320 01eb 13       		.uleb128 0x13
 321 01ec 48010000 		.4byte	0x148
 322 01f0 13       		.uleb128 0x13
 323 01f1 32010000 		.4byte	0x132
 324 01f5 13       		.uleb128 0x13
 325 01f6 3D010000 		.4byte	0x13d
 326 01fa 00       		.byte	0
 327 01fb 14       		.uleb128 0x14
 328 01fc D2000000 		.4byte	.LASF31
 329 0200 0A       		.byte	0xa
 330 0201 7501     		.2byte	0x175
 331 0203 13       		.uleb128 0x13
 332 0204 9E000000 		.4byte	0x9e
 333 0208 00       		.byte	0
 334 0209 00       		.byte	0
 335              		.section	.debug_abbrev,"",%progbits
 336              	.Ldebug_abbrev0:
 337 0000 01       		.uleb128 0x1
 338 0001 11       		.uleb128 0x11
 339 0002 01       		.byte	0x1
 340 0003 25       		.uleb128 0x25
 341 0004 0E       		.uleb128 0xe
 342 0005 13       		.uleb128 0x13
ARM GAS  /tmp/ccoMG8nH.s 			page 7


 343 0006 0B       		.uleb128 0xb
 344 0007 03       		.uleb128 0x3
 345 0008 0E       		.uleb128 0xe
 346 0009 1B       		.uleb128 0x1b
 347 000a 0E       		.uleb128 0xe
 348 000b 55       		.uleb128 0x55
 349 000c 17       		.uleb128 0x17
 350 000d 11       		.uleb128 0x11
 351 000e 01       		.uleb128 0x1
 352 000f 10       		.uleb128 0x10
 353 0010 17       		.uleb128 0x17
 354 0011 00       		.byte	0
 355 0012 00       		.byte	0
 356 0013 02       		.uleb128 0x2
 357 0014 24       		.uleb128 0x24
 358 0015 00       		.byte	0
 359 0016 0B       		.uleb128 0xb
 360 0017 0B       		.uleb128 0xb
 361 0018 3E       		.uleb128 0x3e
 362 0019 0B       		.uleb128 0xb
 363 001a 03       		.uleb128 0x3
 364 001b 08       		.uleb128 0x8
 365 001c 00       		.byte	0
 366 001d 00       		.byte	0
 367 001e 03       		.uleb128 0x3
 368 001f 24       		.uleb128 0x24
 369 0020 00       		.byte	0
 370 0021 0B       		.uleb128 0xb
 371 0022 0B       		.uleb128 0xb
 372 0023 3E       		.uleb128 0x3e
 373 0024 0B       		.uleb128 0xb
 374 0025 03       		.uleb128 0x3
 375 0026 0E       		.uleb128 0xe
 376 0027 00       		.byte	0
 377 0028 00       		.byte	0
 378 0029 04       		.uleb128 0x4
 379 002a 16       		.uleb128 0x16
 380 002b 00       		.byte	0
 381 002c 03       		.uleb128 0x3
 382 002d 0E       		.uleb128 0xe
 383 002e 3A       		.uleb128 0x3a
 384 002f 0B       		.uleb128 0xb
 385 0030 3B       		.uleb128 0x3b
 386 0031 0B       		.uleb128 0xb
 387 0032 49       		.uleb128 0x49
 388 0033 13       		.uleb128 0x13
 389 0034 00       		.byte	0
 390 0035 00       		.byte	0
 391 0036 05       		.uleb128 0x5
 392 0037 35       		.uleb128 0x35
 393 0038 00       		.byte	0
 394 0039 49       		.uleb128 0x49
 395 003a 13       		.uleb128 0x13
 396 003b 00       		.byte	0
 397 003c 00       		.byte	0
 398 003d 06       		.uleb128 0x6
 399 003e 13       		.uleb128 0x13
ARM GAS  /tmp/ccoMG8nH.s 			page 8


 400 003f 01       		.byte	0x1
 401 0040 0B       		.uleb128 0xb
 402 0041 0B       		.uleb128 0xb
 403 0042 3A       		.uleb128 0x3a
 404 0043 0B       		.uleb128 0xb
 405 0044 3B       		.uleb128 0x3b
 406 0045 05       		.uleb128 0x5
 407 0046 01       		.uleb128 0x1
 408 0047 13       		.uleb128 0x13
 409 0048 00       		.byte	0
 410 0049 00       		.byte	0
 411 004a 07       		.uleb128 0x7
 412 004b 0D       		.uleb128 0xd
 413 004c 00       		.byte	0
 414 004d 03       		.uleb128 0x3
 415 004e 08       		.uleb128 0x8
 416 004f 3A       		.uleb128 0x3a
 417 0050 0B       		.uleb128 0xb
 418 0051 3B       		.uleb128 0x3b
 419 0052 05       		.uleb128 0x5
 420 0053 49       		.uleb128 0x49
 421 0054 13       		.uleb128 0x13
 422 0055 38       		.uleb128 0x38
 423 0056 0B       		.uleb128 0xb
 424 0057 00       		.byte	0
 425 0058 00       		.byte	0
 426 0059 08       		.uleb128 0x8
 427 005a 0D       		.uleb128 0xd
 428 005b 00       		.byte	0
 429 005c 03       		.uleb128 0x3
 430 005d 0E       		.uleb128 0xe
 431 005e 3A       		.uleb128 0x3a
 432 005f 0B       		.uleb128 0xb
 433 0060 3B       		.uleb128 0x3b
 434 0061 05       		.uleb128 0x5
 435 0062 49       		.uleb128 0x49
 436 0063 13       		.uleb128 0x13
 437 0064 38       		.uleb128 0x38
 438 0065 0B       		.uleb128 0xb
 439 0066 00       		.byte	0
 440 0067 00       		.byte	0
 441 0068 09       		.uleb128 0x9
 442 0069 16       		.uleb128 0x16
 443 006a 00       		.byte	0
 444 006b 03       		.uleb128 0x3
 445 006c 0E       		.uleb128 0xe
 446 006d 3A       		.uleb128 0x3a
 447 006e 0B       		.uleb128 0xb
 448 006f 3B       		.uleb128 0x3b
 449 0070 05       		.uleb128 0x5
 450 0071 49       		.uleb128 0x49
 451 0072 13       		.uleb128 0x13
 452 0073 00       		.byte	0
 453 0074 00       		.byte	0
 454 0075 0A       		.uleb128 0xa
 455 0076 0F       		.uleb128 0xf
 456 0077 00       		.byte	0
ARM GAS  /tmp/ccoMG8nH.s 			page 9


 457 0078 0B       		.uleb128 0xb
 458 0079 0B       		.uleb128 0xb
 459 007a 49       		.uleb128 0x49
 460 007b 13       		.uleb128 0x13
 461 007c 00       		.byte	0
 462 007d 00       		.byte	0
 463 007e 0B       		.uleb128 0xb
 464 007f 2E       		.uleb128 0x2e
 465 0080 01       		.byte	0x1
 466 0081 3F       		.uleb128 0x3f
 467 0082 19       		.uleb128 0x19
 468 0083 03       		.uleb128 0x3
 469 0084 0E       		.uleb128 0xe
 470 0085 3A       		.uleb128 0x3a
 471 0086 0B       		.uleb128 0xb
 472 0087 3B       		.uleb128 0x3b
 473 0088 0B       		.uleb128 0xb
 474 0089 27       		.uleb128 0x27
 475 008a 19       		.uleb128 0x19
 476 008b 49       		.uleb128 0x49
 477 008c 13       		.uleb128 0x13
 478 008d 11       		.uleb128 0x11
 479 008e 01       		.uleb128 0x1
 480 008f 12       		.uleb128 0x12
 481 0090 06       		.uleb128 0x6
 482 0091 40       		.uleb128 0x40
 483 0092 18       		.uleb128 0x18
 484 0093 9742     		.uleb128 0x2117
 485 0095 19       		.uleb128 0x19
 486 0096 01       		.uleb128 0x1
 487 0097 13       		.uleb128 0x13
 488 0098 00       		.byte	0
 489 0099 00       		.byte	0
 490 009a 0C       		.uleb128 0xc
 491 009b 898201   		.uleb128 0x4109
 492 009e 00       		.byte	0
 493 009f 11       		.uleb128 0x11
 494 00a0 01       		.uleb128 0x1
 495 00a1 31       		.uleb128 0x31
 496 00a2 13       		.uleb128 0x13
 497 00a3 00       		.byte	0
 498 00a4 00       		.byte	0
 499 00a5 0D       		.uleb128 0xd
 500 00a6 898201   		.uleb128 0x4109
 501 00a9 01       		.byte	0x1
 502 00aa 11       		.uleb128 0x11
 503 00ab 01       		.uleb128 0x1
 504 00ac 31       		.uleb128 0x31
 505 00ad 13       		.uleb128 0x13
 506 00ae 01       		.uleb128 0x1
 507 00af 13       		.uleb128 0x13
 508 00b0 00       		.byte	0
 509 00b1 00       		.byte	0
 510 00b2 0E       		.uleb128 0xe
 511 00b3 8A8201   		.uleb128 0x410a
 512 00b6 00       		.byte	0
 513 00b7 02       		.uleb128 0x2
ARM GAS  /tmp/ccoMG8nH.s 			page 10


 514 00b8 18       		.uleb128 0x18
 515 00b9 9142     		.uleb128 0x2111
 516 00bb 18       		.uleb128 0x18
 517 00bc 00       		.byte	0
 518 00bd 00       		.byte	0
 519 00be 0F       		.uleb128 0xf
 520 00bf 898201   		.uleb128 0x4109
 521 00c2 01       		.byte	0x1
 522 00c3 11       		.uleb128 0x11
 523 00c4 01       		.uleb128 0x1
 524 00c5 31       		.uleb128 0x31
 525 00c6 13       		.uleb128 0x13
 526 00c7 00       		.byte	0
 527 00c8 00       		.byte	0
 528 00c9 10       		.uleb128 0x10
 529 00ca 34       		.uleb128 0x34
 530 00cb 00       		.byte	0
 531 00cc 03       		.uleb128 0x3
 532 00cd 0E       		.uleb128 0xe
 533 00ce 3A       		.uleb128 0x3a
 534 00cf 0B       		.uleb128 0xb
 535 00d0 3B       		.uleb128 0x3b
 536 00d1 05       		.uleb128 0x5
 537 00d2 49       		.uleb128 0x49
 538 00d3 13       		.uleb128 0x13
 539 00d4 3F       		.uleb128 0x3f
 540 00d5 19       		.uleb128 0x19
 541 00d6 3C       		.uleb128 0x3c
 542 00d7 19       		.uleb128 0x19
 543 00d8 00       		.byte	0
 544 00d9 00       		.byte	0
 545 00da 11       		.uleb128 0x11
 546 00db 2E       		.uleb128 0x2e
 547 00dc 00       		.byte	0
 548 00dd 3F       		.uleb128 0x3f
 549 00de 19       		.uleb128 0x19
 550 00df 03       		.uleb128 0x3
 551 00e0 0E       		.uleb128 0xe
 552 00e1 3A       		.uleb128 0x3a
 553 00e2 0B       		.uleb128 0xb
 554 00e3 3B       		.uleb128 0x3b
 555 00e4 0B       		.uleb128 0xb
 556 00e5 27       		.uleb128 0x27
 557 00e6 19       		.uleb128 0x19
 558 00e7 3C       		.uleb128 0x3c
 559 00e8 19       		.uleb128 0x19
 560 00e9 00       		.byte	0
 561 00ea 00       		.byte	0
 562 00eb 12       		.uleb128 0x12
 563 00ec 2E       		.uleb128 0x2e
 564 00ed 01       		.byte	0x1
 565 00ee 3F       		.uleb128 0x3f
 566 00ef 19       		.uleb128 0x19
 567 00f0 03       		.uleb128 0x3
 568 00f1 0E       		.uleb128 0xe
 569 00f2 3A       		.uleb128 0x3a
 570 00f3 0B       		.uleb128 0xb
ARM GAS  /tmp/ccoMG8nH.s 			page 11


 571 00f4 3B       		.uleb128 0x3b
 572 00f5 05       		.uleb128 0x5
 573 00f6 27       		.uleb128 0x27
 574 00f7 19       		.uleb128 0x19
 575 00f8 3C       		.uleb128 0x3c
 576 00f9 19       		.uleb128 0x19
 577 00fa 01       		.uleb128 0x1
 578 00fb 13       		.uleb128 0x13
 579 00fc 00       		.byte	0
 580 00fd 00       		.byte	0
 581 00fe 13       		.uleb128 0x13
 582 00ff 05       		.uleb128 0x5
 583 0100 00       		.byte	0
 584 0101 49       		.uleb128 0x49
 585 0102 13       		.uleb128 0x13
 586 0103 00       		.byte	0
 587 0104 00       		.byte	0
 588 0105 14       		.uleb128 0x14
 589 0106 2E       		.uleb128 0x2e
 590 0107 01       		.byte	0x1
 591 0108 3F       		.uleb128 0x3f
 592 0109 19       		.uleb128 0x19
 593 010a 03       		.uleb128 0x3
 594 010b 0E       		.uleb128 0xe
 595 010c 3A       		.uleb128 0x3a
 596 010d 0B       		.uleb128 0xb
 597 010e 3B       		.uleb128 0x3b
 598 010f 05       		.uleb128 0x5
 599 0110 27       		.uleb128 0x27
 600 0111 19       		.uleb128 0x19
 601 0112 3C       		.uleb128 0x3c
 602 0113 19       		.uleb128 0x19
 603 0114 00       		.byte	0
 604 0115 00       		.byte	0
 605 0116 00       		.byte	0
 606              		.section	.debug_aranges,"",%progbits
 607 0000 1C000000 		.4byte	0x1c
 608 0004 0200     		.2byte	0x2
 609 0006 00000000 		.4byte	.Ldebug_info0
 610 000a 04       		.byte	0x4
 611 000b 00       		.byte	0
 612 000c 0000     		.2byte	0
 613 000e 0000     		.2byte	0
 614 0010 00000000 		.4byte	.LFB63
 615 0014 40000000 		.4byte	.LFE63-.LFB63
 616 0018 00000000 		.4byte	0
 617 001c 00000000 		.4byte	0
 618              		.section	.debug_ranges,"",%progbits
 619              	.Ldebug_ranges0:
 620 0000 00000000 		.4byte	.LFB63
 621 0004 40000000 		.4byte	.LFE63
 622 0008 00000000 		.4byte	0
 623 000c 00000000 		.4byte	0
 624              		.section	.debug_line,"",%progbits
 625              	.Ldebug_line0:
 626 0000 AB010000 		.section	.debug_str,"MS",%progbits,1
 626      02007E01 
ARM GAS  /tmp/ccoMG8nH.s 			page 12


 626      00000201 
 626      FB0E0D00 
 626      01010101 
 627              	.LASF18:
 628 0000 4C434B52 		.ascii	"LCKR\000"
 628      00
 629              	.LASF14:
 630 0005 73797374 		.ascii	"systime_t\000"
 630      696D655F 
 630      7400
 631              	.LASF6:
 632 000f 5F5F696E 		.ascii	"__int32_t\000"
 632      7433325F 
 632      7400
 633              	.LASF17:
 634 0019 42535252 		.ascii	"BSRR\000"
 634      00
 635              	.LASF23:
 636 001e 68616C49 		.ascii	"halInit\000"
 636      6E697400 
 637              	.LASF25:
 638 0026 474E5520 		.ascii	"GNU C 4.8.2 -mcpu=cortex-m3 -mno-thumb-interwork -m"
 638      4320342E 
 638      382E3220 
 638      2D6D6370 
 638      753D636F 
 639 0059 7468756D 		.ascii	"thumb -ggdb -O2 -fomit-frame-pointer -ffunction-sec"
 639      62202D67 
 639      67646220 
 639      2D4F3220 
 639      2D666F6D 
 640 008c 74696F6E 		.ascii	"tions -fdata-sections -fno-common\000"
 640      73202D66 
 640      64617461 
 640      2D736563 
 640      74696F6E 
 641              	.LASF20:
 642 00ae 696F706F 		.ascii	"ioportmask_t\000"
 642      72746D61 
 642      736B5F74 
 642      00
 643              	.LASF21:
 644 00bb 696F6D6F 		.ascii	"iomode_t\000"
 644      64655F74 
 644      00
 645              	.LASF2:
 646 00c4 756E7369 		.ascii	"unsigned char\000"
 646      676E6564 
 646      20636861 
 646      7200
 647              	.LASF31:
 648 00d2 63685468 		.ascii	"chThdSleep\000"
 648      64536C65 
 648      657000
 649              	.LASF24:
 650 00dd 63685379 		.ascii	"chSysInit\000"
 650      73496E69 
ARM GAS  /tmp/ccoMG8nH.s 			page 13


 650      7400
 651              	.LASF8:
 652 00e7 6C6F6E67 		.ascii	"long unsigned int\000"
 652      20756E73 
 652      69676E65 
 652      6420696E 
 652      7400
 653              	.LASF4:
 654 00f9 73686F72 		.ascii	"short unsigned int\000"
 654      7420756E 
 654      7369676E 
 654      65642069 
 654      6E7400
 655              	.LASF7:
 656 010c 5F5F7569 		.ascii	"__uint32_t\000"
 656      6E743332 
 656      5F7400
 657              	.LASF28:
 658 0117 6D61696E 		.ascii	"main\000"
 658      00
 659              	.LASF29:
 660 011c 49544D5F 		.ascii	"ITM_RxBuffer\000"
 660      52784275 
 660      66666572 
 660      00
 661              	.LASF30:
 662 0129 5F70616C 		.ascii	"_pal_lld_setgroupmode\000"
 662      5F6C6C64 
 662      5F736574 
 662      67726F75 
 662      706D6F64 
 663              	.LASF0:
 664 013f 756E7369 		.ascii	"unsigned int\000"
 664      676E6564 
 664      20696E74 
 664      00
 665              	.LASF19:
 666 014c 4750494F 		.ascii	"GPIO_TypeDef\000"
 666      5F547970 
 666      65446566 
 666      00
 667              	.LASF16:
 668 0159 63686172 		.ascii	"char\000"
 668      00
 669              	.LASF11:
 670 015e 696E7433 		.ascii	"int32_t\000"
 670      325F7400 
 671              	.LASF15:
 672 0166 73697A65 		.ascii	"sizetype\000"
 672      74797065 
 672      00
 673              	.LASF9:
 674 016f 6C6F6E67 		.ascii	"long long int\000"
 674      206C6F6E 
 674      6720696E 
 674      7400
 675              	.LASF26:
ARM GAS  /tmp/ccoMG8nH.s 			page 14


 676 017d 6D61696E 		.ascii	"main.c\000"
 676      2E6300
 677              	.LASF3:
 678 0184 73686F72 		.ascii	"short int\000"
 678      7420696E 
 678      7400
 679              	.LASF22:
 680 018e 696F706F 		.ascii	"ioportid_t\000"
 680      72746964 
 680      5F7400
 681              	.LASF12:
 682 0199 75696E74 		.ascii	"uint32_t\000"
 682      33325F74 
 682      00
 683              	.LASF5:
 684 01a2 6C6F6E67 		.ascii	"long int\000"
 684      20696E74 
 684      00
 685              	.LASF1:
 686 01ab 7369676E 		.ascii	"signed char\000"
 686      65642063 
 686      68617200 
 687              	.LASF27:
 688 01b7 2F6D6564 		.ascii	"/media/atmaja/teach/micro/stm32-tf.old/firmware/cob"
 688      69612F61 
 688      746D616A 
 688      612F7465 
 688      6163682F 
 689 01ea 612F636F 		.ascii	"a/coba2\000"
 689      62613200 
 690              	.LASF13:
 691 01f2 5F426F6F 		.ascii	"_Bool\000"
 691      6C00
 692              	.LASF10:
 693 01f8 6C6F6E67 		.ascii	"long long unsigned int\000"
 693      206C6F6E 
 693      6720756E 
 693      7369676E 
 693      65642069 
 694              		.ident	"GCC: (4.8.2-14ubuntu1+6) 4.8.2"
ARM GAS  /tmp/ccoMG8nH.s 			page 15


DEFINED SYMBOLS
                            *ABS*:0000000000000000 main.c
     /tmp/ccoMG8nH.s:19     .text.startup.main:0000000000000000 $t
     /tmp/ccoMG8nH.s:24     .text.startup.main:0000000000000000 main
                     .debug_frame:0000000000000010 $d

UNDEFINED SYMBOLS
halInit
chSysInit
_pal_lld_setgroupmode
chThdSleep
