ARM GAS  /tmp/cccuK2CR.s 			page 1


   1              		.syntax unified
   2              		.cpu cortex-m3
   3              		.fpu softvfp
   4              		.eabi_attribute 20, 1
   5              		.eabi_attribute 21, 1
   6              		.eabi_attribute 23, 3
   7              		.eabi_attribute 24, 1
   8              		.eabi_attribute 25, 1
   9              		.eabi_attribute 26, 1
  10              		.eabi_attribute 30, 2
  11              		.eabi_attribute 34, 1
  12              		.eabi_attribute 18, 4
  13              		.thumb
  14              		.file	"tm.c"
  15              		.text
  16              	.Ltext0:
  17              		.cfi_sections	.debug_frame
  18              		.section	.text.tm_start,"ax",%progbits
  19              		.align	2
  20              		.thumb
  21              		.thumb_func
  22              		.type	tm_start, %function
  23              	tm_start:
  24              	.LFB63:
  25              		.file 1 "../../os/hal/src/tm.c"
  26              		.loc 1 69 0
  27              		.cfi_startproc
  28              		@ args = 0, pretend = 0, frame = 0
  29              		@ frame_needed = 0, uses_anonymous_args = 0
  30              		@ link register save eliminated.
  31              	.LVL0:
  32              		.loc 1 71 0
  33 0000 4FF48053 		mov	r3, #4096
  34 0004 CEF20003 		movt	r3, 57344
  35 0008 5B68     		ldr	r3, [r3, #4]
  36 000a 8360     		str	r3, [r0, #8]
  37 000c 7047     		bx	lr
  38              		.cfi_endproc
  39              	.LFE63:
  40              		.size	tm_start, .-tm_start
  41 000e 00BF     		.section	.text.tm_stop,"ax",%progbits
  42              		.align	2
  43              		.thumb
  44              		.thumb_func
  45              		.type	tm_stop, %function
  46              	tm_stop:
  47              	.LFB64:
  48              		.loc 1 81 0
  49              		.cfi_startproc
  50              		@ args = 0, pretend = 0, frame = 0
  51              		@ frame_needed = 0, uses_anonymous_args = 0
  52              		@ link register save eliminated.
  53              	.LVL1:
  54              		.loc 1 83 0
  55 0000 4FF48053 		mov	r3, #4096
  56 0004 CEF20003 		movt	r3, 57344
  57              		.loc 1 84 0
ARM GAS  /tmp/cccuK2CR.s 			page 2


  58 0008 40F20002 		movw	r2, #:lower16:.LANCHOR0
  59              		.loc 1 83 0
  60 000c 5B68     		ldr	r3, [r3, #4]
  61              	.LVL2:
  62              		.loc 1 84 0
  63 000e 8168     		ldr	r1, [r0, #8]
  64 0010 C0F20002 		movt	r2, #:upper16:.LANCHOR0
  65              		.loc 1 81 0
  66 0014 10B4     		push	{r4}
  67              		.cfi_def_cfa_offset 4
  68              		.cfi_offset 4, -4
  69              		.loc 1 84 0
  70 0016 1468     		ldr	r4, [r2]
  71 0018 5B1A     		subs	r3, r3, r1
  72              	.LVL3:
  73              		.loc 1 85 0
  74 001a C268     		ldr	r2, [r0, #12]
  75              		.loc 1 84 0
  76 001c 1B1B     		subs	r3, r3, r4
  77              		.loc 1 85 0
  78 001e 9342     		cmp	r3, r2
  79              		.loc 1 84 0
  80 0020 8360     		str	r3, [r0, #8]
  81              		.loc 1 86 0
  82 0022 88BF     		it	hi
  83 0024 C360     		strhi	r3, [r0, #12]
  84              		.loc 1 85 0
  85 0026 03D8     		bhi	.L2
  86              		.loc 1 87 0
  87 0028 0269     		ldr	r2, [r0, #16]
  88 002a 9342     		cmp	r3, r2
  89              		.loc 1 88 0
  90 002c 38BF     		it	cc
  91 002e 0361     		strcc	r3, [r0, #16]
  92              	.L2:
  93              		.loc 1 89 0
  94 0030 5DF8044B 		ldr	r4, [sp], #4
  95 0034 7047     		bx	lr
  96              		.cfi_endproc
  97              	.LFE64:
  98              		.size	tm_stop, .-tm_stop
  99 0036 00BF     		.section	.text.tmInit,"ax",%progbits
 100              		.align	2
 101              		.global	tmInit
 102              		.thumb
 103              		.thumb_func
 104              		.type	tmInit, %function
 105              	tmInit:
 106              	.LFB65:
 107              		.loc 1 104 0
 108              		.cfi_startproc
 109              		@ args = 0, pretend = 0, frame = 24
 110              		@ frame_needed = 0, uses_anonymous_args = 0
 111 0000 10B5     		push	{r4, lr}
 112              		.cfi_def_cfa_offset 8
 113              		.cfi_offset 4, -8
 114              		.cfi_offset 14, -4
ARM GAS  /tmp/cccuK2CR.s 			page 3


 115              		.loc 1 110 0
 116 0002 40F20004 		movw	r4, #:lower16:.LANCHOR0
 117              		.loc 1 104 0
 118 0006 86B0     		sub	sp, sp, #24
 119              		.cfi_def_cfa_offset 32
 120              		.loc 1 110 0
 121 0008 C0F20004 		movt	r4, #:upper16:.LANCHOR0
 122 000c 0022     		movs	r2, #0
 123              	.LBB8:
 124              	.LBB9:
 125              		.loc 1 130 0
 126 000e 4FF0FF31 		mov	r1, #-1
 127              	.LBE9:
 128              	.LBE8:
 129              	.LBB14:
 130              	.LBB15:
 131              		.loc 1 71 0
 132 0012 4FF48053 		mov	r3, #4096
 133              	.LBE15:
 134              	.LBE14:
 135              		.loc 1 110 0
 136 0016 2260     		str	r2, [r4]
 137              	.LVL4:
 138              	.LBB18:
 139              	.LBB10:
 140              		.loc 1 129 0
 141 0018 0492     		str	r2, [sp, #16]
 142              		.loc 1 130 0
 143 001a 0591     		str	r1, [sp, #20]
 144              	.LVL5:
 145              	.LBE10:
 146              	.LBE18:
 147              	.LBB19:
 148              	.LBB16:
 149              		.loc 1 71 0
 150 001c CEF20003 		movt	r3, 57344
 151 0020 5968     		ldr	r1, [r3, #4]
 152              	.LBE16:
 153              	.LBE19:
 154              	.LBB20:
 155              	.LBB11:
 156              		.loc 1 126 0
 157 0022 40F20002 		movw	r2, #:lower16:tm_start
 158              		.loc 1 127 0
 159 0026 40F20003 		movw	r3, #:lower16:tm_stop
 160              		.loc 1 126 0
 161 002a C0F20002 		movt	r2, #:upper16:tm_start
 162              		.loc 1 127 0
 163 002e C0F20003 		movt	r3, #:upper16:tm_stop
 164              	.LBE11:
 165              	.LBE20:
 166              		.loc 1 113 0
 167 0032 01A8     		add	r0, sp, #4
 168              	.LVL6:
 169              	.LBB21:
 170              	.LBB12:
 171              		.loc 1 127 0
ARM GAS  /tmp/cccuK2CR.s 			page 4


 172 0034 0293     		str	r3, [sp, #8]
 173              	.LBE12:
 174              	.LBE21:
 175              	.LBB22:
 176              	.LBB17:
 177              		.loc 1 71 0
 178 0036 0391     		str	r1, [sp, #12]
 179              	.LBE17:
 180              	.LBE22:
 181              	.LBB23:
 182              	.LBB13:
 183              		.loc 1 126 0
 184 0038 0192     		str	r2, [sp, #4]
 185              	.LBE13:
 186              	.LBE23:
 187              		.loc 1 113 0
 188 003a FFF7FEFF 		bl	tm_stop
 189              	.LVL7:
 190              		.loc 1 114 0
 191 003e 039B     		ldr	r3, [sp, #12]
 192 0040 2360     		str	r3, [r4]
 193              		.loc 1 115 0
 194 0042 06B0     		add	sp, sp, #24
 195              		@ sp needed
 196 0044 10BD     		pop	{r4, pc}
 197              		.cfi_endproc
 198              	.LFE65:
 199              		.size	tmInit, .-tmInit
 200 0046 00BF     		.section	.text.tmObjectInit,"ax",%progbits
 201              		.align	2
 202              		.global	tmObjectInit
 203              		.thumb
 204              		.thumb_func
 205              		.type	tmObjectInit, %function
 206              	tmObjectInit:
 207              	.LFB66:
 208              		.loc 1 124 0
 209              		.cfi_startproc
 210              		@ args = 0, pretend = 0, frame = 0
 211              		@ frame_needed = 0, uses_anonymous_args = 0
 212              		@ link register save eliminated.
 213              	.LVL8:
 214              		.loc 1 126 0
 215 0000 40F20002 		movw	r2, #:lower16:tm_start
 216              		.loc 1 127 0
 217 0004 40F20003 		movw	r3, #:lower16:tm_stop
 218              		.loc 1 124 0
 219 0008 10B4     		push	{r4}
 220              		.cfi_def_cfa_offset 4
 221              		.cfi_offset 4, -4
 222              		.loc 1 128 0
 223 000a 0021     		movs	r1, #0
 224              		.loc 1 130 0
 225 000c 4FF0FF34 		mov	r4, #-1
 226              		.loc 1 126 0
 227 0010 C0F20002 		movt	r2, #:upper16:tm_start
 228              		.loc 1 127 0
ARM GAS  /tmp/cccuK2CR.s 			page 5


 229 0014 C0F20003 		movt	r3, #:upper16:tm_stop
 230              		.loc 1 130 0
 231 0018 0461     		str	r4, [r0, #16]
 232              		.loc 1 127 0
 233 001a 80E80C00 		stmia	r0, {r2, r3}
 234              		.loc 1 128 0
 235 001e 8160     		str	r1, [r0, #8]
 236              		.loc 1 129 0
 237 0020 C160     		str	r1, [r0, #12]
 238              		.loc 1 131 0
 239 0022 5DF8044B 		ldr	r4, [sp], #4
 240 0026 7047     		bx	lr
 241              		.cfi_endproc
 242              	.LFE66:
 243              		.size	tmObjectInit, .-tmObjectInit
 244              		.section	.bss.measurement_offset,"aw",%nobits
 245              		.align	2
 246              		.set	.LANCHOR0,. + 0
 247              		.type	measurement_offset, %object
 248              		.size	measurement_offset, 4
 249              	measurement_offset:
 250 0000 00000000 		.space	4
 251              		.text
 252              	.Letext0:
 253              		.file 2 "/usr/include/newlib/machine/_default_types.h"
 254              		.file 3 "/usr/include/newlib/stdint.h"
 255              		.file 4 "../../os/ports/common/ARMCMx/nvic.h"
 256              		.file 5 "../../os/hal/platforms/STM32F1xx/hal_lld.h"
 257              		.file 6 "../../os/hal/include/tm.h"
 258              		.file 7 "../../os/ports/common/ARMCMx/CMSIS/include/core_cm3.h"
 259              		.section	.debug_info,"",%progbits
 260              	.Ldebug_info0:
 261 0000 D4020000 		.4byte	0x2d4
 262 0004 0400     		.2byte	0x4
 263 0006 00000000 		.4byte	.Ldebug_abbrev0
 264 000a 04       		.byte	0x4
 265 000b 01       		.uleb128 0x1
 266 000c 22000000 		.4byte	.LASF34
 267 0010 01       		.byte	0x1
 268 0011 02020000 		.4byte	.LASF35
 269 0015 39010000 		.4byte	.LASF36
 270 0019 50000000 		.4byte	.Ldebug_ranges0+0x50
 271 001d 00000000 		.4byte	0
 272 0021 00000000 		.4byte	.Ldebug_line0
 273 0025 02       		.uleb128 0x2
 274 0026 04       		.byte	0x4
 275 0027 05       		.byte	0x5
 276 0028 696E7400 		.ascii	"int\000"
 277 002c 03       		.uleb128 0x3
 278 002d 04       		.byte	0x4
 279 002e 07       		.byte	0x7
 280 002f 8C010000 		.4byte	.LASF0
 281 0033 03       		.uleb128 0x3
 282 0034 01       		.byte	0x1
 283 0035 06       		.byte	0x6
 284 0036 37020000 		.4byte	.LASF1
 285 003a 03       		.uleb128 0x3
ARM GAS  /tmp/cccuK2CR.s 			page 6


 286 003b 01       		.byte	0x1
 287 003c 08       		.byte	0x8
 288 003d CF000000 		.4byte	.LASF2
 289 0041 03       		.uleb128 0x3
 290 0042 02       		.byte	0x2
 291 0043 05       		.byte	0x5
 292 0044 F8010000 		.4byte	.LASF3
 293 0048 03       		.uleb128 0x3
 294 0049 02       		.byte	0x2
 295 004a 07       		.byte	0x7
 296 004b 0A010000 		.4byte	.LASF4
 297 004f 04       		.uleb128 0x4
 298 0050 0A000000 		.4byte	.LASF6
 299 0054 02       		.byte	0x2
 300 0055 37       		.byte	0x37
 301 0056 5A000000 		.4byte	0x5a
 302 005a 03       		.uleb128 0x3
 303 005b 04       		.byte	0x4
 304 005c 05       		.byte	0x5
 305 005d 2E020000 		.4byte	.LASF5
 306 0061 04       		.uleb128 0x4
 307 0062 7A010000 		.4byte	.LASF7
 308 0066 02       		.byte	0x2
 309 0067 38       		.byte	0x38
 310 0068 6C000000 		.4byte	0x6c
 311 006c 03       		.uleb128 0x3
 312 006d 04       		.byte	0x4
 313 006e 07       		.byte	0x7
 314 006f EB000000 		.4byte	.LASF8
 315 0073 03       		.uleb128 0x3
 316 0074 08       		.byte	0x8
 317 0075 05       		.byte	0x5
 318 0076 CF010000 		.4byte	.LASF9
 319 007a 03       		.uleb128 0x3
 320 007b 08       		.byte	0x8
 321 007c 07       		.byte	0x7
 322 007d B8000000 		.4byte	.LASF10
 323 0081 04       		.uleb128 0x4
 324 0082 BE010000 		.4byte	.LASF11
 325 0086 03       		.byte	0x3
 326 0087 41       		.byte	0x41
 327 0088 4F000000 		.4byte	0x4f
 328 008c 04       		.uleb128 0x4
 329 008d 25020000 		.4byte	.LASF12
 330 0091 03       		.byte	0x3
 331 0092 42       		.byte	0x42
 332 0093 61000000 		.4byte	0x61
 333 0097 03       		.uleb128 0x3
 334 0098 01       		.byte	0x1
 335 0099 02       		.byte	0x2
 336 009a 53020000 		.4byte	.LASF13
 337 009e 04       		.uleb128 0x4
 338 009f DD010000 		.4byte	.LASF14
 339 00a3 04       		.byte	0x4
 340 00a4 3A       		.byte	0x3a
 341 00a5 A9000000 		.4byte	0xa9
 342 00a9 05       		.uleb128 0x5
ARM GAS  /tmp/cccuK2CR.s 			page 7


 343 00aa 8C000000 		.4byte	0x8c
 344 00ae 03       		.uleb128 0x3
 345 00af 04       		.byte	0x4
 346 00b0 07       		.byte	0x7
 347 00b1 C6010000 		.4byte	.LASF15
 348 00b5 06       		.uleb128 0x6
 349 00b6 20       		.byte	0x20
 350 00b7 04       		.byte	0x4
 351 00b8 0601     		.2byte	0x106
 352 00ba 27010000 		.4byte	0x127
 353 00be 07       		.uleb128 0x7
 354 00bf B2010000 		.4byte	.LASF16
 355 00c3 04       		.byte	0x4
 356 00c4 0701     		.2byte	0x107
 357 00c6 9E000000 		.4byte	0x9e
 358 00ca 00       		.byte	0
 359 00cb 07       		.uleb128 0x7
 360 00cc DD000000 		.4byte	.LASF17
 361 00d0 04       		.byte	0x4
 362 00d1 0801     		.2byte	0x108
 363 00d3 9E000000 		.4byte	0x9e
 364 00d7 04       		.byte	0x4
 365 00d8 07       		.uleb128 0x7
 366 00d9 1D010000 		.4byte	.LASF18
 367 00dd 04       		.byte	0x4
 368 00de 0901     		.2byte	0x109
 369 00e0 9E000000 		.4byte	0x9e
 370 00e4 08       		.byte	0x8
 371 00e5 07       		.uleb128 0x7
 372 00e6 B7010000 		.4byte	.LASF19
 373 00ea 04       		.byte	0x4
 374 00eb 0A01     		.2byte	0x10a
 375 00ed 9E000000 		.4byte	0x9e
 376 00f1 0C       		.byte	0xc
 377 00f2 07       		.uleb128 0x7
 378 00f3 AA000000 		.4byte	.LASF20
 379 00f7 04       		.byte	0x4
 380 00f8 0B01     		.2byte	0x10b
 381 00fa 9E000000 		.4byte	0x9e
 382 00fe 10       		.byte	0x10
 383 00ff 07       		.uleb128 0x7
 384 0100 85010000 		.4byte	.LASF21
 385 0104 04       		.byte	0x4
 386 0105 0C01     		.2byte	0x10c
 387 0107 9E000000 		.4byte	0x9e
 388 010b 14       		.byte	0x14
 389 010c 07       		.uleb128 0x7
 390 010d 31010000 		.4byte	.LASF22
 391 0111 04       		.byte	0x4
 392 0112 0D01     		.2byte	0x10d
 393 0114 9E000000 		.4byte	0x9e
 394 0118 18       		.byte	0x18
 395 0119 07       		.uleb128 0x7
 396 011a 05000000 		.4byte	.LASF23
 397 011e 04       		.byte	0x4
 398 011f 0E01     		.2byte	0x10e
 399 0121 9E000000 		.4byte	0x9e
ARM GAS  /tmp/cccuK2CR.s 			page 8


 400 0125 1C       		.byte	0x1c
 401 0126 00       		.byte	0
 402 0127 08       		.uleb128 0x8
 403 0128 18020000 		.4byte	.LASF24
 404 012c 04       		.byte	0x4
 405 012d 0F01     		.2byte	0x10f
 406 012f B5000000 		.4byte	0xb5
 407 0133 03       		.uleb128 0x3
 408 0134 01       		.byte	0x1
 409 0135 08       		.byte	0x8
 410 0136 A4010000 		.4byte	.LASF25
 411 013a 05       		.uleb128 0x5
 412 013b 81000000 		.4byte	0x81
 413 013f 04       		.uleb128 0x4
 414 0140 99010000 		.4byte	.LASF26
 415 0144 05       		.byte	0x5
 416 0145 CE       		.byte	0xce
 417 0146 8C000000 		.4byte	0x8c
 418 014a 04       		.uleb128 0x4
 419 014b 43020000 		.4byte	.LASF27
 420 014f 06       		.byte	0x6
 421 0150 45       		.byte	0x45
 422 0151 55010000 		.4byte	0x155
 423 0155 09       		.uleb128 0x9
 424 0156 43020000 		.4byte	.LASF27
 425 015a 14       		.byte	0x14
 426 015b 06       		.byte	0x6
 427 015c 4A       		.byte	0x4a
 428 015d 9E010000 		.4byte	0x19e
 429 0161 0A       		.uleb128 0xa
 430 0162 1C000000 		.4byte	.LASF28
 431 0166 06       		.byte	0x6
 432 0167 4B       		.byte	0x4b
 433 0168 AF010000 		.4byte	0x1af
 434 016c 00       		.byte	0
 435 016d 0A       		.uleb128 0xa
 436 016e B3000000 		.4byte	.LASF29
 437 0172 06       		.byte	0x6
 438 0173 4C       		.byte	0x4c
 439 0174 AF010000 		.4byte	0x1af
 440 0178 04       		.byte	0x4
 441 0179 0A       		.uleb128 0xa
 442 017a 00000000 		.4byte	.LASF30
 443 017e 06       		.byte	0x6
 444 017f 4D       		.byte	0x4d
 445 0180 3F010000 		.4byte	0x13f
 446 0184 08       		.byte	0x8
 447 0185 0A       		.uleb128 0xa
 448 0186 74010000 		.4byte	.LASF31
 449 018a 06       		.byte	0x6
 450 018b 4E       		.byte	0x4e
 451 018c 3F010000 		.4byte	0x13f
 452 0190 0C       		.byte	0xc
 453 0191 0A       		.uleb128 0xa
 454 0192 20020000 		.4byte	.LASF32
 455 0196 06       		.byte	0x6
 456 0197 4F       		.byte	0x4f
ARM GAS  /tmp/cccuK2CR.s 			page 9


 457 0198 3F010000 		.4byte	0x13f
 458 019c 10       		.byte	0x10
 459 019d 00       		.byte	0
 460 019e 0B       		.uleb128 0xb
 461 019f A9010000 		.4byte	0x1a9
 462 01a3 0C       		.uleb128 0xc
 463 01a4 A9010000 		.4byte	0x1a9
 464 01a8 00       		.byte	0
 465 01a9 0D       		.uleb128 0xd
 466 01aa 04       		.byte	0x4
 467 01ab 4A010000 		.4byte	0x14a
 468 01af 0D       		.uleb128 0xd
 469 01b0 04       		.byte	0x4
 470 01b1 9E010000 		.4byte	0x19e
 471 01b5 0E       		.uleb128 0xe
 472 01b6 FD000000 		.4byte	.LASF37
 473 01ba 01       		.byte	0x1
 474 01bb 7C       		.byte	0x7c
 475 01bc 01       		.byte	0x1
 476 01bd CD010000 		.4byte	0x1cd
 477 01c1 0F       		.uleb128 0xf
 478 01c2 746D7000 		.ascii	"tmp\000"
 479 01c6 01       		.byte	0x1
 480 01c7 7C       		.byte	0x7c
 481 01c8 A9010000 		.4byte	0x1a9
 482 01cc 00       		.byte	0
 483 01cd 10       		.uleb128 0x10
 484 01ce A9010000 		.4byte	.LASF38
 485 01d2 01       		.byte	0x1
 486 01d3 45       		.byte	0x45
 487 01d4 01       		.byte	0x1
 488 01d5 E5010000 		.4byte	0x1e5
 489 01d9 0F       		.uleb128 0xf
 490 01da 746D7000 		.ascii	"tmp\000"
 491 01de 01       		.byte	0x1
 492 01df 45       		.byte	0x45
 493 01e0 A9010000 		.4byte	0x1a9
 494 01e4 00       		.byte	0
 495 01e5 11       		.uleb128 0x11
 496 01e6 CD010000 		.4byte	0x1cd
 497 01ea 00000000 		.4byte	.LFB63
 498 01ee 0E000000 		.4byte	.LFE63-.LFB63
 499 01f2 01       		.uleb128 0x1
 500 01f3 9C       		.byte	0x9c
 501 01f4 00020000 		.4byte	0x200
 502 01f8 12       		.uleb128 0x12
 503 01f9 D9010000 		.4byte	0x1d9
 504 01fd 01       		.uleb128 0x1
 505 01fe 50       		.byte	0x50
 506 01ff 00       		.byte	0
 507 0200 13       		.uleb128 0x13
 508 0201 14000000 		.4byte	.LASF39
 509 0205 01       		.byte	0x1
 510 0206 51       		.byte	0x51
 511 0207 00000000 		.4byte	.LFB64
 512 020b 36000000 		.4byte	.LFE64-.LFB64
 513 020f 01       		.uleb128 0x1
ARM GAS  /tmp/cccuK2CR.s 			page 10


 514 0210 9C       		.byte	0x9c
 515 0211 32020000 		.4byte	0x232
 516 0215 14       		.uleb128 0x14
 517 0216 746D7000 		.ascii	"tmp\000"
 518 021a 01       		.byte	0x1
 519 021b 51       		.byte	0x51
 520 021c A9010000 		.4byte	0x1a9
 521 0220 01       		.uleb128 0x1
 522 0221 50       		.byte	0x50
 523 0222 15       		.uleb128 0x15
 524 0223 6E6F7700 		.ascii	"now\000"
 525 0227 01       		.byte	0x1
 526 0228 53       		.byte	0x53
 527 0229 3F010000 		.4byte	0x13f
 528 022d 00000000 		.4byte	.LLST0
 529 0231 00       		.byte	0
 530 0232 16       		.uleb128 0x16
 531 0233 E4000000 		.4byte	.LASF40
 532 0237 01       		.byte	0x1
 533 0238 68       		.byte	0x68
 534 0239 00000000 		.4byte	.LFB65
 535 023d 46000000 		.4byte	.LFE65-.LFB65
 536 0241 01       		.uleb128 0x1
 537 0242 9C       		.byte	0x9c
 538 0243 9F020000 		.4byte	0x29f
 539 0247 17       		.uleb128 0x17
 540 0248 746D00   		.ascii	"tm\000"
 541 024b 01       		.byte	0x1
 542 024c 69       		.byte	0x69
 543 024d 4A010000 		.4byte	0x14a
 544 0251 02       		.uleb128 0x2
 545 0252 91       		.byte	0x91
 546 0253 64       		.sleb128 -28
 547 0254 18       		.uleb128 0x18
 548 0255 B5010000 		.4byte	0x1b5
 549 0259 0E000000 		.4byte	.LBB8
 550 025d 00000000 		.4byte	.Ldebug_ranges0+0
 551 0261 01       		.byte	0x1
 552 0262 6F       		.byte	0x6f
 553 0263 71020000 		.4byte	0x271
 554 0267 19       		.uleb128 0x19
 555 0268 C1010000 		.4byte	0x1c1
 556 026c 13000000 		.4byte	.LLST1
 557 0270 00       		.byte	0
 558 0271 18       		.uleb128 0x18
 559 0272 CD010000 		.4byte	0x1cd
 560 0276 12000000 		.4byte	.LBB14
 561 027a 30000000 		.4byte	.Ldebug_ranges0+0x30
 562 027e 01       		.byte	0x1
 563 027f 70       		.byte	0x70
 564 0280 8E020000 		.4byte	0x28e
 565 0284 19       		.uleb128 0x19
 566 0285 D9010000 		.4byte	0x1d9
 567 0289 40000000 		.4byte	.LLST2
 568 028d 00       		.byte	0
 569 028e 1A       		.uleb128 0x1a
 570 028f 3E000000 		.4byte	.LVL7
ARM GAS  /tmp/cccuK2CR.s 			page 11


 571 0293 00020000 		.4byte	0x200
 572 0297 1B       		.uleb128 0x1b
 573 0298 01       		.uleb128 0x1
 574 0299 50       		.byte	0x50
 575 029a 02       		.uleb128 0x2
 576 029b 91       		.byte	0x91
 577 029c 64       		.sleb128 -28
 578 029d 00       		.byte	0
 579 029e 00       		.byte	0
 580 029f 11       		.uleb128 0x11
 581 02a0 B5010000 		.4byte	0x1b5
 582 02a4 00000000 		.4byte	.LFB66
 583 02a8 28000000 		.4byte	.LFE66-.LFB66
 584 02ac 01       		.uleb128 0x1
 585 02ad 9C       		.byte	0x9c
 586 02ae BA020000 		.4byte	0x2ba
 587 02b2 12       		.uleb128 0x12
 588 02b3 C1010000 		.4byte	0x1c1
 589 02b7 01       		.uleb128 0x1
 590 02b8 50       		.byte	0x50
 591 02b9 00       		.byte	0
 592 02ba 1C       		.uleb128 0x1c
 593 02bb E5010000 		.4byte	.LASF33
 594 02bf 01       		.byte	0x1
 595 02c0 38       		.byte	0x38
 596 02c1 3F010000 		.4byte	0x13f
 597 02c5 05       		.uleb128 0x5
 598 02c6 03       		.byte	0x3
 599 02c7 00000000 		.4byte	measurement_offset
 600 02cb 1D       		.uleb128 0x1d
 601 02cc 24010000 		.4byte	.LASF41
 602 02d0 07       		.byte	0x7
 603 02d1 0706     		.2byte	0x607
 604 02d3 3A010000 		.4byte	0x13a
 605 02d7 00       		.byte	0
 606              		.section	.debug_abbrev,"",%progbits
 607              	.Ldebug_abbrev0:
 608 0000 01       		.uleb128 0x1
 609 0001 11       		.uleb128 0x11
 610 0002 01       		.byte	0x1
 611 0003 25       		.uleb128 0x25
 612 0004 0E       		.uleb128 0xe
 613 0005 13       		.uleb128 0x13
 614 0006 0B       		.uleb128 0xb
 615 0007 03       		.uleb128 0x3
 616 0008 0E       		.uleb128 0xe
 617 0009 1B       		.uleb128 0x1b
 618 000a 0E       		.uleb128 0xe
 619 000b 55       		.uleb128 0x55
 620 000c 17       		.uleb128 0x17
 621 000d 11       		.uleb128 0x11
 622 000e 01       		.uleb128 0x1
 623 000f 10       		.uleb128 0x10
 624 0010 17       		.uleb128 0x17
 625 0011 00       		.byte	0
 626 0012 00       		.byte	0
 627 0013 02       		.uleb128 0x2
ARM GAS  /tmp/cccuK2CR.s 			page 12


 628 0014 24       		.uleb128 0x24
 629 0015 00       		.byte	0
 630 0016 0B       		.uleb128 0xb
 631 0017 0B       		.uleb128 0xb
 632 0018 3E       		.uleb128 0x3e
 633 0019 0B       		.uleb128 0xb
 634 001a 03       		.uleb128 0x3
 635 001b 08       		.uleb128 0x8
 636 001c 00       		.byte	0
 637 001d 00       		.byte	0
 638 001e 03       		.uleb128 0x3
 639 001f 24       		.uleb128 0x24
 640 0020 00       		.byte	0
 641 0021 0B       		.uleb128 0xb
 642 0022 0B       		.uleb128 0xb
 643 0023 3E       		.uleb128 0x3e
 644 0024 0B       		.uleb128 0xb
 645 0025 03       		.uleb128 0x3
 646 0026 0E       		.uleb128 0xe
 647 0027 00       		.byte	0
 648 0028 00       		.byte	0
 649 0029 04       		.uleb128 0x4
 650 002a 16       		.uleb128 0x16
 651 002b 00       		.byte	0
 652 002c 03       		.uleb128 0x3
 653 002d 0E       		.uleb128 0xe
 654 002e 3A       		.uleb128 0x3a
 655 002f 0B       		.uleb128 0xb
 656 0030 3B       		.uleb128 0x3b
 657 0031 0B       		.uleb128 0xb
 658 0032 49       		.uleb128 0x49
 659 0033 13       		.uleb128 0x13
 660 0034 00       		.byte	0
 661 0035 00       		.byte	0
 662 0036 05       		.uleb128 0x5
 663 0037 35       		.uleb128 0x35
 664 0038 00       		.byte	0
 665 0039 49       		.uleb128 0x49
 666 003a 13       		.uleb128 0x13
 667 003b 00       		.byte	0
 668 003c 00       		.byte	0
 669 003d 06       		.uleb128 0x6
 670 003e 13       		.uleb128 0x13
 671 003f 01       		.byte	0x1
 672 0040 0B       		.uleb128 0xb
 673 0041 0B       		.uleb128 0xb
 674 0042 3A       		.uleb128 0x3a
 675 0043 0B       		.uleb128 0xb
 676 0044 3B       		.uleb128 0x3b
 677 0045 05       		.uleb128 0x5
 678 0046 01       		.uleb128 0x1
 679 0047 13       		.uleb128 0x13
 680 0048 00       		.byte	0
 681 0049 00       		.byte	0
 682 004a 07       		.uleb128 0x7
 683 004b 0D       		.uleb128 0xd
 684 004c 00       		.byte	0
ARM GAS  /tmp/cccuK2CR.s 			page 13


 685 004d 03       		.uleb128 0x3
 686 004e 0E       		.uleb128 0xe
 687 004f 3A       		.uleb128 0x3a
 688 0050 0B       		.uleb128 0xb
 689 0051 3B       		.uleb128 0x3b
 690 0052 05       		.uleb128 0x5
 691 0053 49       		.uleb128 0x49
 692 0054 13       		.uleb128 0x13
 693 0055 38       		.uleb128 0x38
 694 0056 0B       		.uleb128 0xb
 695 0057 00       		.byte	0
 696 0058 00       		.byte	0
 697 0059 08       		.uleb128 0x8
 698 005a 16       		.uleb128 0x16
 699 005b 00       		.byte	0
 700 005c 03       		.uleb128 0x3
 701 005d 0E       		.uleb128 0xe
 702 005e 3A       		.uleb128 0x3a
 703 005f 0B       		.uleb128 0xb
 704 0060 3B       		.uleb128 0x3b
 705 0061 05       		.uleb128 0x5
 706 0062 49       		.uleb128 0x49
 707 0063 13       		.uleb128 0x13
 708 0064 00       		.byte	0
 709 0065 00       		.byte	0
 710 0066 09       		.uleb128 0x9
 711 0067 13       		.uleb128 0x13
 712 0068 01       		.byte	0x1
 713 0069 03       		.uleb128 0x3
 714 006a 0E       		.uleb128 0xe
 715 006b 0B       		.uleb128 0xb
 716 006c 0B       		.uleb128 0xb
 717 006d 3A       		.uleb128 0x3a
 718 006e 0B       		.uleb128 0xb
 719 006f 3B       		.uleb128 0x3b
 720 0070 0B       		.uleb128 0xb
 721 0071 01       		.uleb128 0x1
 722 0072 13       		.uleb128 0x13
 723 0073 00       		.byte	0
 724 0074 00       		.byte	0
 725 0075 0A       		.uleb128 0xa
 726 0076 0D       		.uleb128 0xd
 727 0077 00       		.byte	0
 728 0078 03       		.uleb128 0x3
 729 0079 0E       		.uleb128 0xe
 730 007a 3A       		.uleb128 0x3a
 731 007b 0B       		.uleb128 0xb
 732 007c 3B       		.uleb128 0x3b
 733 007d 0B       		.uleb128 0xb
 734 007e 49       		.uleb128 0x49
 735 007f 13       		.uleb128 0x13
 736 0080 38       		.uleb128 0x38
 737 0081 0B       		.uleb128 0xb
 738 0082 00       		.byte	0
 739 0083 00       		.byte	0
 740 0084 0B       		.uleb128 0xb
 741 0085 15       		.uleb128 0x15
ARM GAS  /tmp/cccuK2CR.s 			page 14


 742 0086 01       		.byte	0x1
 743 0087 27       		.uleb128 0x27
 744 0088 19       		.uleb128 0x19
 745 0089 01       		.uleb128 0x1
 746 008a 13       		.uleb128 0x13
 747 008b 00       		.byte	0
 748 008c 00       		.byte	0
 749 008d 0C       		.uleb128 0xc
 750 008e 05       		.uleb128 0x5
 751 008f 00       		.byte	0
 752 0090 49       		.uleb128 0x49
 753 0091 13       		.uleb128 0x13
 754 0092 00       		.byte	0
 755 0093 00       		.byte	0
 756 0094 0D       		.uleb128 0xd
 757 0095 0F       		.uleb128 0xf
 758 0096 00       		.byte	0
 759 0097 0B       		.uleb128 0xb
 760 0098 0B       		.uleb128 0xb
 761 0099 49       		.uleb128 0x49
 762 009a 13       		.uleb128 0x13
 763 009b 00       		.byte	0
 764 009c 00       		.byte	0
 765 009d 0E       		.uleb128 0xe
 766 009e 2E       		.uleb128 0x2e
 767 009f 01       		.byte	0x1
 768 00a0 3F       		.uleb128 0x3f
 769 00a1 19       		.uleb128 0x19
 770 00a2 03       		.uleb128 0x3
 771 00a3 0E       		.uleb128 0xe
 772 00a4 3A       		.uleb128 0x3a
 773 00a5 0B       		.uleb128 0xb
 774 00a6 3B       		.uleb128 0x3b
 775 00a7 0B       		.uleb128 0xb
 776 00a8 27       		.uleb128 0x27
 777 00a9 19       		.uleb128 0x19
 778 00aa 20       		.uleb128 0x20
 779 00ab 0B       		.uleb128 0xb
 780 00ac 01       		.uleb128 0x1
 781 00ad 13       		.uleb128 0x13
 782 00ae 00       		.byte	0
 783 00af 00       		.byte	0
 784 00b0 0F       		.uleb128 0xf
 785 00b1 05       		.uleb128 0x5
 786 00b2 00       		.byte	0
 787 00b3 03       		.uleb128 0x3
 788 00b4 08       		.uleb128 0x8
 789 00b5 3A       		.uleb128 0x3a
 790 00b6 0B       		.uleb128 0xb
 791 00b7 3B       		.uleb128 0x3b
 792 00b8 0B       		.uleb128 0xb
 793 00b9 49       		.uleb128 0x49
 794 00ba 13       		.uleb128 0x13
 795 00bb 00       		.byte	0
 796 00bc 00       		.byte	0
 797 00bd 10       		.uleb128 0x10
 798 00be 2E       		.uleb128 0x2e
ARM GAS  /tmp/cccuK2CR.s 			page 15


 799 00bf 01       		.byte	0x1
 800 00c0 03       		.uleb128 0x3
 801 00c1 0E       		.uleb128 0xe
 802 00c2 3A       		.uleb128 0x3a
 803 00c3 0B       		.uleb128 0xb
 804 00c4 3B       		.uleb128 0x3b
 805 00c5 0B       		.uleb128 0xb
 806 00c6 27       		.uleb128 0x27
 807 00c7 19       		.uleb128 0x19
 808 00c8 20       		.uleb128 0x20
 809 00c9 0B       		.uleb128 0xb
 810 00ca 01       		.uleb128 0x1
 811 00cb 13       		.uleb128 0x13
 812 00cc 00       		.byte	0
 813 00cd 00       		.byte	0
 814 00ce 11       		.uleb128 0x11
 815 00cf 2E       		.uleb128 0x2e
 816 00d0 01       		.byte	0x1
 817 00d1 31       		.uleb128 0x31
 818 00d2 13       		.uleb128 0x13
 819 00d3 11       		.uleb128 0x11
 820 00d4 01       		.uleb128 0x1
 821 00d5 12       		.uleb128 0x12
 822 00d6 06       		.uleb128 0x6
 823 00d7 40       		.uleb128 0x40
 824 00d8 18       		.uleb128 0x18
 825 00d9 9742     		.uleb128 0x2117
 826 00db 19       		.uleb128 0x19
 827 00dc 01       		.uleb128 0x1
 828 00dd 13       		.uleb128 0x13
 829 00de 00       		.byte	0
 830 00df 00       		.byte	0
 831 00e0 12       		.uleb128 0x12
 832 00e1 05       		.uleb128 0x5
 833 00e2 00       		.byte	0
 834 00e3 31       		.uleb128 0x31
 835 00e4 13       		.uleb128 0x13
 836 00e5 02       		.uleb128 0x2
 837 00e6 18       		.uleb128 0x18
 838 00e7 00       		.byte	0
 839 00e8 00       		.byte	0
 840 00e9 13       		.uleb128 0x13
 841 00ea 2E       		.uleb128 0x2e
 842 00eb 01       		.byte	0x1
 843 00ec 03       		.uleb128 0x3
 844 00ed 0E       		.uleb128 0xe
 845 00ee 3A       		.uleb128 0x3a
 846 00ef 0B       		.uleb128 0xb
 847 00f0 3B       		.uleb128 0x3b
 848 00f1 0B       		.uleb128 0xb
 849 00f2 27       		.uleb128 0x27
 850 00f3 19       		.uleb128 0x19
 851 00f4 11       		.uleb128 0x11
 852 00f5 01       		.uleb128 0x1
 853 00f6 12       		.uleb128 0x12
 854 00f7 06       		.uleb128 0x6
 855 00f8 40       		.uleb128 0x40
ARM GAS  /tmp/cccuK2CR.s 			page 16


 856 00f9 18       		.uleb128 0x18
 857 00fa 9742     		.uleb128 0x2117
 858 00fc 19       		.uleb128 0x19
 859 00fd 01       		.uleb128 0x1
 860 00fe 13       		.uleb128 0x13
 861 00ff 00       		.byte	0
 862 0100 00       		.byte	0
 863 0101 14       		.uleb128 0x14
 864 0102 05       		.uleb128 0x5
 865 0103 00       		.byte	0
 866 0104 03       		.uleb128 0x3
 867 0105 08       		.uleb128 0x8
 868 0106 3A       		.uleb128 0x3a
 869 0107 0B       		.uleb128 0xb
 870 0108 3B       		.uleb128 0x3b
 871 0109 0B       		.uleb128 0xb
 872 010a 49       		.uleb128 0x49
 873 010b 13       		.uleb128 0x13
 874 010c 02       		.uleb128 0x2
 875 010d 18       		.uleb128 0x18
 876 010e 00       		.byte	0
 877 010f 00       		.byte	0
 878 0110 15       		.uleb128 0x15
 879 0111 34       		.uleb128 0x34
 880 0112 00       		.byte	0
 881 0113 03       		.uleb128 0x3
 882 0114 08       		.uleb128 0x8
 883 0115 3A       		.uleb128 0x3a
 884 0116 0B       		.uleb128 0xb
 885 0117 3B       		.uleb128 0x3b
 886 0118 0B       		.uleb128 0xb
 887 0119 49       		.uleb128 0x49
 888 011a 13       		.uleb128 0x13
 889 011b 02       		.uleb128 0x2
 890 011c 17       		.uleb128 0x17
 891 011d 00       		.byte	0
 892 011e 00       		.byte	0
 893 011f 16       		.uleb128 0x16
 894 0120 2E       		.uleb128 0x2e
 895 0121 01       		.byte	0x1
 896 0122 3F       		.uleb128 0x3f
 897 0123 19       		.uleb128 0x19
 898 0124 03       		.uleb128 0x3
 899 0125 0E       		.uleb128 0xe
 900 0126 3A       		.uleb128 0x3a
 901 0127 0B       		.uleb128 0xb
 902 0128 3B       		.uleb128 0x3b
 903 0129 0B       		.uleb128 0xb
 904 012a 27       		.uleb128 0x27
 905 012b 19       		.uleb128 0x19
 906 012c 11       		.uleb128 0x11
 907 012d 01       		.uleb128 0x1
 908 012e 12       		.uleb128 0x12
 909 012f 06       		.uleb128 0x6
 910 0130 40       		.uleb128 0x40
 911 0131 18       		.uleb128 0x18
 912 0132 9742     		.uleb128 0x2117
ARM GAS  /tmp/cccuK2CR.s 			page 17


 913 0134 19       		.uleb128 0x19
 914 0135 01       		.uleb128 0x1
 915 0136 13       		.uleb128 0x13
 916 0137 00       		.byte	0
 917 0138 00       		.byte	0
 918 0139 17       		.uleb128 0x17
 919 013a 34       		.uleb128 0x34
 920 013b 00       		.byte	0
 921 013c 03       		.uleb128 0x3
 922 013d 08       		.uleb128 0x8
 923 013e 3A       		.uleb128 0x3a
 924 013f 0B       		.uleb128 0xb
 925 0140 3B       		.uleb128 0x3b
 926 0141 0B       		.uleb128 0xb
 927 0142 49       		.uleb128 0x49
 928 0143 13       		.uleb128 0x13
 929 0144 02       		.uleb128 0x2
 930 0145 18       		.uleb128 0x18
 931 0146 00       		.byte	0
 932 0147 00       		.byte	0
 933 0148 18       		.uleb128 0x18
 934 0149 1D       		.uleb128 0x1d
 935 014a 01       		.byte	0x1
 936 014b 31       		.uleb128 0x31
 937 014c 13       		.uleb128 0x13
 938 014d 52       		.uleb128 0x52
 939 014e 01       		.uleb128 0x1
 940 014f 55       		.uleb128 0x55
 941 0150 17       		.uleb128 0x17
 942 0151 58       		.uleb128 0x58
 943 0152 0B       		.uleb128 0xb
 944 0153 59       		.uleb128 0x59
 945 0154 0B       		.uleb128 0xb
 946 0155 01       		.uleb128 0x1
 947 0156 13       		.uleb128 0x13
 948 0157 00       		.byte	0
 949 0158 00       		.byte	0
 950 0159 19       		.uleb128 0x19
 951 015a 05       		.uleb128 0x5
 952 015b 00       		.byte	0
 953 015c 31       		.uleb128 0x31
 954 015d 13       		.uleb128 0x13
 955 015e 02       		.uleb128 0x2
 956 015f 17       		.uleb128 0x17
 957 0160 00       		.byte	0
 958 0161 00       		.byte	0
 959 0162 1A       		.uleb128 0x1a
 960 0163 898201   		.uleb128 0x4109
 961 0166 01       		.byte	0x1
 962 0167 11       		.uleb128 0x11
 963 0168 01       		.uleb128 0x1
 964 0169 31       		.uleb128 0x31
 965 016a 13       		.uleb128 0x13
 966 016b 00       		.byte	0
 967 016c 00       		.byte	0
 968 016d 1B       		.uleb128 0x1b
 969 016e 8A8201   		.uleb128 0x410a
ARM GAS  /tmp/cccuK2CR.s 			page 18


 970 0171 00       		.byte	0
 971 0172 02       		.uleb128 0x2
 972 0173 18       		.uleb128 0x18
 973 0174 9142     		.uleb128 0x2111
 974 0176 18       		.uleb128 0x18
 975 0177 00       		.byte	0
 976 0178 00       		.byte	0
 977 0179 1C       		.uleb128 0x1c
 978 017a 34       		.uleb128 0x34
 979 017b 00       		.byte	0
 980 017c 03       		.uleb128 0x3
 981 017d 0E       		.uleb128 0xe
 982 017e 3A       		.uleb128 0x3a
 983 017f 0B       		.uleb128 0xb
 984 0180 3B       		.uleb128 0x3b
 985 0181 0B       		.uleb128 0xb
 986 0182 49       		.uleb128 0x49
 987 0183 13       		.uleb128 0x13
 988 0184 02       		.uleb128 0x2
 989 0185 18       		.uleb128 0x18
 990 0186 00       		.byte	0
 991 0187 00       		.byte	0
 992 0188 1D       		.uleb128 0x1d
 993 0189 34       		.uleb128 0x34
 994 018a 00       		.byte	0
 995 018b 03       		.uleb128 0x3
 996 018c 0E       		.uleb128 0xe
 997 018d 3A       		.uleb128 0x3a
 998 018e 0B       		.uleb128 0xb
 999 018f 3B       		.uleb128 0x3b
 1000 0190 05       		.uleb128 0x5
 1001 0191 49       		.uleb128 0x49
 1002 0192 13       		.uleb128 0x13
 1003 0193 3F       		.uleb128 0x3f
 1004 0194 19       		.uleb128 0x19
 1005 0195 3C       		.uleb128 0x3c
 1006 0196 19       		.uleb128 0x19
 1007 0197 00       		.byte	0
 1008 0198 00       		.byte	0
 1009 0199 00       		.byte	0
 1010              		.section	.debug_loc,"",%progbits
 1011              	.Ldebug_loc0:
 1012              	.LLST0:
 1013 0000 0E000000 		.4byte	.LVL2
 1014 0004 1A000000 		.4byte	.LVL3
 1015 0008 0100     		.2byte	0x1
 1016 000a 53       		.byte	0x53
 1017 000b 00000000 		.4byte	0
 1018 000f 00000000 		.4byte	0
 1019              	.LLST1:
 1020 0013 18000000 		.4byte	.LVL4
 1021 0017 34000000 		.4byte	.LVL6
 1022 001b 0300     		.2byte	0x3
 1023 001d 91       		.byte	0x91
 1024 001e 64       		.sleb128 -28
 1025 001f 9F       		.byte	0x9f
 1026 0020 34000000 		.4byte	.LVL6
ARM GAS  /tmp/cccuK2CR.s 			page 19


 1027 0024 3D000000 		.4byte	.LVL7-1
 1028 0028 0100     		.2byte	0x1
 1029 002a 50       		.byte	0x50
 1030 002b 3D000000 		.4byte	.LVL7-1
 1031 002f 46000000 		.4byte	.LFE65
 1032 0033 0300     		.2byte	0x3
 1033 0035 91       		.byte	0x91
 1034 0036 64       		.sleb128 -28
 1035 0037 9F       		.byte	0x9f
 1036 0038 00000000 		.4byte	0
 1037 003c 00000000 		.4byte	0
 1038              	.LLST2:
 1039 0040 1C000000 		.4byte	.LVL5
 1040 0044 34000000 		.4byte	.LVL6
 1041 0048 0300     		.2byte	0x3
 1042 004a 91       		.byte	0x91
 1043 004b 64       		.sleb128 -28
 1044 004c 9F       		.byte	0x9f
 1045 004d 34000000 		.4byte	.LVL6
 1046 0051 3D000000 		.4byte	.LVL7-1
 1047 0055 0100     		.2byte	0x1
 1048 0057 50       		.byte	0x50
 1049 0058 3D000000 		.4byte	.LVL7-1
 1050 005c 46000000 		.4byte	.LFE65
 1051 0060 0300     		.2byte	0x3
 1052 0062 91       		.byte	0x91
 1053 0063 64       		.sleb128 -28
 1054 0064 9F       		.byte	0x9f
 1055 0065 00000000 		.4byte	0
 1056 0069 00000000 		.4byte	0
 1057              		.section	.debug_aranges,"",%progbits
 1058 0000 34000000 		.4byte	0x34
 1059 0004 0200     		.2byte	0x2
 1060 0006 00000000 		.4byte	.Ldebug_info0
 1061 000a 04       		.byte	0x4
 1062 000b 00       		.byte	0
 1063 000c 0000     		.2byte	0
 1064 000e 0000     		.2byte	0
 1065 0010 00000000 		.4byte	.LFB63
 1066 0014 0E000000 		.4byte	.LFE63-.LFB63
 1067 0018 00000000 		.4byte	.LFB64
 1068 001c 36000000 		.4byte	.LFE64-.LFB64
 1069 0020 00000000 		.4byte	.LFB65
 1070 0024 46000000 		.4byte	.LFE65-.LFB65
 1071 0028 00000000 		.4byte	.LFB66
 1072 002c 28000000 		.4byte	.LFE66-.LFB66
 1073 0030 00000000 		.4byte	0
 1074 0034 00000000 		.4byte	0
 1075              		.section	.debug_ranges,"",%progbits
 1076              	.Ldebug_ranges0:
 1077 0000 0E000000 		.4byte	.LBB8
 1078 0004 12000000 		.4byte	.LBE8
 1079 0008 18000000 		.4byte	.LBB18
 1080 000c 1C000000 		.4byte	.LBE18
 1081 0010 22000000 		.4byte	.LBB20
 1082 0014 32000000 		.4byte	.LBE20
 1083 0018 34000000 		.4byte	.LBB21
ARM GAS  /tmp/cccuK2CR.s 			page 20


 1084 001c 36000000 		.4byte	.LBE21
 1085 0020 38000000 		.4byte	.LBB23
 1086 0024 3A000000 		.4byte	.LBE23
 1087 0028 00000000 		.4byte	0
 1088 002c 00000000 		.4byte	0
 1089 0030 12000000 		.4byte	.LBB14
 1090 0034 16000000 		.4byte	.LBE14
 1091 0038 1C000000 		.4byte	.LBB19
 1092 003c 22000000 		.4byte	.LBE19
 1093 0040 36000000 		.4byte	.LBB22
 1094 0044 38000000 		.4byte	.LBE22
 1095 0048 00000000 		.4byte	0
 1096 004c 00000000 		.4byte	0
 1097 0050 00000000 		.4byte	.LFB63
 1098 0054 0E000000 		.4byte	.LFE63
 1099 0058 00000000 		.4byte	.LFB64
 1100 005c 36000000 		.4byte	.LFE64
 1101 0060 00000000 		.4byte	.LFB65
 1102 0064 46000000 		.4byte	.LFE65
 1103 0068 00000000 		.4byte	.LFB66
 1104 006c 28000000 		.4byte	.LFE66
 1105 0070 00000000 		.4byte	0
 1106 0074 00000000 		.4byte	0
 1107              		.section	.debug_line,"",%progbits
 1108              	.Ldebug_line0:
 1109 0000 B5010000 		.section	.debug_str,"MS",%progbits,1
 1109      02002701 
 1109      00000201 
 1109      FB0E0D00 
 1109      01010101 
 1110              	.LASF30:
 1111 0000 6C617374 		.ascii	"last\000"
 1111      00
 1112              	.LASF23:
 1113 0005 50435352 		.ascii	"PCSR\000"
 1113      00
 1114              	.LASF6:
 1115 000a 5F5F696E 		.ascii	"__int32_t\000"
 1115      7433325F 
 1115      7400
 1116              	.LASF39:
 1117 0014 746D5F73 		.ascii	"tm_stop\000"
 1117      746F7000 
 1118              	.LASF28:
 1119 001c 73746172 		.ascii	"start\000"
 1119      7400
 1120              	.LASF34:
 1121 0022 474E5520 		.ascii	"GNU C 4.8.2 -mcpu=cortex-m3 -mno-thumb-interwork -m"
 1121      4320342E 
 1121      382E3220 
 1121      2D6D6370 
 1121      753D636F 
 1122 0055 7468756D 		.ascii	"thumb -ggdb -O2 -fomit-frame-pointer -ffunction-sec"
 1122      62202D67 
 1122      67646220 
 1122      2D4F3220 
 1122      2D666F6D 
ARM GAS  /tmp/cccuK2CR.s 			page 21


 1123 0088 74696F6E 		.ascii	"tions -fdata-sections -fno-common\000"
 1123      73202D66 
 1123      64617461 
 1123      2D736563 
 1123      74696F6E 
 1124              	.LASF20:
 1125 00aa 534C4545 		.ascii	"SLEEPCNT\000"
 1125      50434E54 
 1125      00
 1126              	.LASF29:
 1127 00b3 73746F70 		.ascii	"stop\000"
 1127      00
 1128              	.LASF10:
 1129 00b8 6C6F6E67 		.ascii	"long long unsigned int\000"
 1129      206C6F6E 
 1129      6720756E 
 1129      7369676E 
 1129      65642069 
 1130              	.LASF2:
 1131 00cf 756E7369 		.ascii	"unsigned char\000"
 1131      676E6564 
 1131      20636861 
 1131      7200
 1132              	.LASF17:
 1133 00dd 43594343 		.ascii	"CYCCNT\000"
 1133      4E5400
 1134              	.LASF40:
 1135 00e4 746D496E 		.ascii	"tmInit\000"
 1135      697400
 1136              	.LASF8:
 1137 00eb 6C6F6E67 		.ascii	"long unsigned int\000"
 1137      20756E73 
 1137      69676E65 
 1137      6420696E 
 1137      7400
 1138              	.LASF37:
 1139 00fd 746D4F62 		.ascii	"tmObjectInit\000"
 1139      6A656374 
 1139      496E6974 
 1139      00
 1140              	.LASF4:
 1141 010a 73686F72 		.ascii	"short unsigned int\000"
 1141      7420756E 
 1141      7369676E 
 1141      65642069 
 1141      6E7400
 1142              	.LASF18:
 1143 011d 43504943 		.ascii	"CPICNT\000"
 1143      4E5400
 1144              	.LASF41:
 1145 0124 49544D5F 		.ascii	"ITM_RxBuffer\000"
 1145      52784275 
 1145      66666572 
 1145      00
 1146              	.LASF22:
 1147 0131 464F4C44 		.ascii	"FOLDCNT\000"
 1147      434E5400 
ARM GAS  /tmp/cccuK2CR.s 			page 22


 1148              	.LASF36:
 1149 0139 2F6D6564 		.ascii	"/media/atmaja/teach/micro/stm32-tf.old/firmware/cob"
 1149      69612F61 
 1149      746D616A 
 1149      612F7465 
 1149      6163682F 
 1150 016c 612F636F 		.ascii	"a/coba2\000"
 1150      62613200 
 1151              	.LASF31:
 1152 0174 776F7273 		.ascii	"worst\000"
 1152      7400
 1153              	.LASF7:
 1154 017a 5F5F7569 		.ascii	"__uint32_t\000"
 1154      6E743332 
 1154      5F7400
 1155              	.LASF21:
 1156 0185 4C535543 		.ascii	"LSUCNT\000"
 1156      4E5400
 1157              	.LASF0:
 1158 018c 756E7369 		.ascii	"unsigned int\000"
 1158      676E6564 
 1158      20696E74 
 1158      00
 1159              	.LASF26:
 1160 0199 68616C72 		.ascii	"halrtcnt_t\000"
 1160      74636E74 
 1160      5F7400
 1161              	.LASF25:
 1162 01a4 63686172 		.ascii	"char\000"
 1162      00
 1163              	.LASF38:
 1164 01a9 746D5F73 		.ascii	"tm_start\000"
 1164      74617274 
 1164      00
 1165              	.LASF16:
 1166 01b2 4354524C 		.ascii	"CTRL\000"
 1166      00
 1167              	.LASF19:
 1168 01b7 45584343 		.ascii	"EXCCNT\000"
 1168      4E5400
 1169              	.LASF11:
 1170 01be 696E7433 		.ascii	"int32_t\000"
 1170      325F7400 
 1171              	.LASF15:
 1172 01c6 73697A65 		.ascii	"sizetype\000"
 1172      74797065 
 1172      00
 1173              	.LASF9:
 1174 01cf 6C6F6E67 		.ascii	"long long int\000"
 1174      206C6F6E 
 1174      6720696E 
 1174      7400
 1175              	.LASF14:
 1176 01dd 494F5245 		.ascii	"IOREG32\000"
 1176      47333200 
 1177              	.LASF33:
 1178 01e5 6D656173 		.ascii	"measurement_offset\000"
ARM GAS  /tmp/cccuK2CR.s 			page 23


 1178      7572656D 
 1178      656E745F 
 1178      6F666673 
 1178      657400
 1179              	.LASF3:
 1180 01f8 73686F72 		.ascii	"short int\000"
 1180      7420696E 
 1180      7400
 1181              	.LASF35:
 1182 0202 2E2E2F2E 		.ascii	"../../os/hal/src/tm.c\000"
 1182      2E2F6F73 
 1182      2F68616C 
 1182      2F737263 
 1182      2F746D2E 
 1183              	.LASF24:
 1184 0218 434D785F 		.ascii	"CMx_DWT\000"
 1184      44575400 
 1185              	.LASF32:
 1186 0220 62657374 		.ascii	"best\000"
 1186      00
 1187              	.LASF12:
 1188 0225 75696E74 		.ascii	"uint32_t\000"
 1188      33325F74 
 1188      00
 1189              	.LASF5:
 1190 022e 6C6F6E67 		.ascii	"long int\000"
 1190      20696E74 
 1190      00
 1191              	.LASF1:
 1192 0237 7369676E 		.ascii	"signed char\000"
 1192      65642063 
 1192      68617200 
 1193              	.LASF27:
 1194 0243 54696D65 		.ascii	"TimeMeasurement\000"
 1194      4D656173 
 1194      7572656D 
 1194      656E7400 
 1195              	.LASF13:
 1196 0253 5F426F6F 		.ascii	"_Bool\000"
 1196      6C00
 1197              		.ident	"GCC: (4.8.2-14ubuntu1+6) 4.8.2"
ARM GAS  /tmp/cccuK2CR.s 			page 24


DEFINED SYMBOLS
                            *ABS*:0000000000000000 tm.c
     /tmp/cccuK2CR.s:19     .text.tm_start:0000000000000000 $t
     /tmp/cccuK2CR.s:23     .text.tm_start:0000000000000000 tm_start
     /tmp/cccuK2CR.s:42     .text.tm_stop:0000000000000000 $t
     /tmp/cccuK2CR.s:46     .text.tm_stop:0000000000000000 tm_stop
     /tmp/cccuK2CR.s:246    .bss.measurement_offset:0000000000000000 .LANCHOR0
     /tmp/cccuK2CR.s:100    .text.tmInit:0000000000000000 $t
     /tmp/cccuK2CR.s:105    .text.tmInit:0000000000000000 tmInit
     /tmp/cccuK2CR.s:201    .text.tmObjectInit:0000000000000000 $t
     /tmp/cccuK2CR.s:206    .text.tmObjectInit:0000000000000000 tmObjectInit
     /tmp/cccuK2CR.s:245    .bss.measurement_offset:0000000000000000 $d
     /tmp/cccuK2CR.s:249    .bss.measurement_offset:0000000000000000 measurement_offset
                     .debug_frame:0000000000000010 $d

NO UNDEFINED SYMBOLS
